<?xml version="1.0" encoding="UTF-8"?>
<testsuite xmlns:xsi="http://www.w3.org/2001/XMLSchema-instance" xsi:noNamespaceSchemaLocation="https://maven.apache.org/surefire/maven-surefire-plugin/xsd/surefire-test-report.xsd" name="com.uabc.springapp.service.SimpleProductManagerTests" time="0.044" tests="2" errors="0" skipped="0" failures="0">
  <properties>
    <property name="sun.desktop" value="windows"/>
    <property name="awt.toolkit" value="sun.awt.windows.WToolkit"/>
    <property name="file.encoding.pkg" value="sun.io"/>
    <property name="java.specification.version" value="1.8"/>
    <property name="sun.cpu.isalist" value="amd64"/>
    <property name="sun.jnu.encoding" value="Cp1252"/>
    <property name="java.class.path" value="C:\Users\Adrian\Documents\workspace\springapp\target\test-classes;C:\Users\Adrian\Documents\workspace\springapp\target\classes;C:\Users\Adrian\.m2\repository\junit\junit\4.12\junit-4.12.jar;C:\Users\Adrian\.m2\repository\org\hamcrest\hamcrest-core\1.3\hamcrest-core-1.3.jar;C:\Users\Adrian\.m2\repository\org\springframework\spring-core\3.2.4.RELEASE\spring-core-3.2.4.RELEASE.jar;C:\Users\Adrian\.m2\repository\commons-logging\commons-logging\1.1.1\commons-logging-1.1.1.jar;C:\Users\Adrian\.m2\repository\org\springframework\spring-webmvc\3.2.4.RELEASE\spring-webmvc-3.2.4.RELEASE.jar;C:\Users\Adrian\.m2\repository\org\springframework\spring-beans\3.2.4.RELEASE\spring-beans-3.2.4.RELEASE.jar;C:\Users\Adrian\.m2\repository\org\springframework\spring-context\3.2.4.RELEASE\spring-context-3.2.4.RELEASE.jar;C:\Users\Adrian\.m2\repository\org\springframework\spring-aop\3.2.4.RELEASE\spring-aop-3.2.4.RELEASE.jar;C:\Users\Adrian\.m2\repository\org\springframework\spring-expression\3.2.4.RELEASE\spring-expression-3.2.4.RELEASE.jar;C:\Users\Adrian\.m2\repository\org\springframework\spring-web\3.2.4.RELEASE\spring-web-3.2.4.RELEASE.jar;C:\Users\Adrian\.m2\repository\aopalliance\aopalliance\1.0\aopalliance-1.0.jar;C:\Users\Adrian\.m2\repository\javax\servlet\servlet-api\2.5\servlet-api-2.5.jar;C:\Users\Adrian\.m2\repository\joda-time\joda-time\1.6\joda-time-1.6.jar;C:\Users\Adrian\.m2\repository\jstl\jstl\1.2\jstl-1.2.jar;C:\Users\Adrian\.m2\repository\taglibs\standard\1.1.2\standard-1.1.2.jar;"/>
    <property name="java.vm.vendor" value="AdoptOpenJDK"/>
    <property name="sun.arch.data.model" value="64"/>
    <property name="user.variant" value=""/>
    <property name="java.vendor.url" value="https://adoptopenjdk.net/"/>
    <property name="user.timezone" value="America/Tijuana"/>
    <property name="java.vm.specification.version" value="1.8"/>
    <property name="os.name" value="Windows 10"/>
    <property name="sun.java.launcher" value="SUN_STANDARD"/>
    <property name="user.country" value="ES"/>
    <property name="sun.boot.library.path" value="C:\Program Files\AdoptOpenJDK\jdk-8.0.292.10-hotspot\jre\bin"/>
    <property name="sun.java.command" value="C:\Users\Adrian\AppData\Local\Temp\surefire5250638654469125364\surefirebooter7981424384804393328.jar C:\Users\Adrian\AppData\Local\Temp\surefire5250638654469125364 2021-07-07T00-49-26_623-jvmRun1 surefire8705584858997775300tmp surefire_09152280715002286939tmp"/>
    <property name="test" value="com.uabc.springapp.service.SimpleProductManagerTests"/>
    <property name="surefire.test.class.path" value="C:\Users\Adrian\Documents\workspace\springapp\target\test-classes;C:\Users\Adrian\Documents\workspace\springapp\target\classes;C:\Users\Adrian\.m2\repository\junit\junit\4.12\junit-4.12.jar;C:\Users\Adrian\.m2\repository\org\hamcrest\hamcrest-core\1.3\hamcrest-core-1.3.jar;C:\Users\Adrian\.m2\repository\org\springframework\spring-core\3.2.4.RELEASE\spring-core-3.2.4.RELEASE.jar;C:\Users\Adrian\.m2\repository\commons-logging\commons-logging\1.1.1\commons-logging-1.1.1.jar;C:\Users\Adrian\.m2\repository\org\springframework\spring-webmvc\3.2.4.RELEASE\spring-webmvc-3.2.4.RELEASE.jar;C:\Users\Adrian\.m2\repository\org\springframework\spring-beans\3.2.4.RELEASE\spring-beans-3.2.4.RELEASE.jar;C:\Users\Adrian\.m2\repository\org\springframework\spring-context\3.2.4.RELEASE\spring-context-3.2.4.RELEASE.jar;C:\Users\Adrian\.m2\repository\org\springframework\spring-aop\3.2.4.RELEASE\spring-aop-3.2.4.RELEASE.jar;C:\Users\Adrian\.m2\repository\org\springframework\spring-expression\3.2.4.RELEASE\spring-expression-3.2.4.RELEASE.jar;C:\Users\Adrian\.m2\repository\org\springframework\spring-web\3.2.4.RELEASE\spring-web-3.2.4.RELEASE.jar;C:\Users\Adrian\.m2\repository\aopalliance\aopalliance\1.0\aopalliance-1.0.jar;C:\Users\Adrian\.m2\repository\javax\servlet\servlet-api\2.5\servlet-api-2.5.jar;C:\Users\Adrian\.m2\repository\joda-time\joda-time\1.6\joda-time-1.6.jar;C:\Users\Adrian\.m2\repository\jstl\jstl\1.2\jstl-1.2.jar;C:\Users\Adrian\.m2\repository\taglibs\standard\1.1.2\standard-1.1.2.jar;"/>
    <property name="sun.cpu.endian" value="little"/>
    <property name="user.home" value="C:\Users\Adrian"/>
    <property name="user.language" value="es"/>
    <property name="java.specification.vendor" value="Oracle Corporation"/>
    <property name="java.home" value="C:\Program Files\AdoptOpenJDK\jdk-8.0.292.10-hotspot\jre"/>
    <property name="basedir" value="C:\Users\Adrian\Documents\workspace\springapp"/>
    <property name="file.separator" value="\"/>
    <property name="line.separator" value="&#10;"/>
    <property name="java.vm.specification.vendor" value="Oracle Corporation"/>
    <property name="java.specification.name" value="Java Platform API Specification"/>
    <property name="java.awt.graphicsenv" value="sun.awt.Win32GraphicsEnvironment"/>
    <property name="surefire.real.class.path" value="C:\Users\Adrian\AppData\Local\Temp\surefire5250638654469125364\surefirebooter7981424384804393328.jar"/>
    <property name="sun.boot.class.path" value="C:\Program Files\AdoptOpenJDK\jdk-8.0.292.10-hotspot\jre\lib\resources.jar;C:\Program Files\AdoptOpenJDK\jdk-8.0.292.10-hotspot\jre\lib\rt.jar;C:\Program Files\AdoptOpenJDK\jdk-8.0.292.10-hotspot\jre\lib\sunrsasign.jar;C:\Program Files\AdoptOpenJDK\jdk-8.0.292.10-hotspot\jre\lib\jsse.jar;C:\Program Files\AdoptOpenJDK\jdk-8.0.292.10-hotspot\jre\lib\jce.jar;C:\Program Files\AdoptOpenJDK\jdk-8.0.292.10-hotspot\jre\lib\charsets.jar;C:\Program Files\AdoptOpenJDK\jdk-8.0.292.10-hotspot\jre\lib\jfr.jar;C:\Program Files\AdoptOpenJDK\jdk-8.0.292.10-hotspot\jre\classes"/>
    <property name="user.script" value=""/>
    <property name="sun.management.compiler" value="HotSpot 64-Bit Tiered Compilers"/>
    <property name="java.runtime.version" value="1.8.0_292-b10"/>
    <property name="user.name" value="Adrian"/>
    <property name="path.separator" value=";"/>
    <property name="os.version" value="10.0"/>
    <property name="java.endorsed.dirs" value="C:\Program Files\AdoptOpenJDK\jdk-8.0.292.10-hotspot\jre\lib\endorsed"/>
    <property name="java.runtime.name" value="OpenJDK Runtime Environment"/>
    <property name="file.encoding" value="UTF-8"/>
    <property name="java.vm.name" value="OpenJDK 64-Bit Server VM"/>
    <property name="maven.ext.class.path" value="C:\Program Files\NetBeans-12.4\netbeans\java\maven-nblib\netbeans-eventspy.jar"/>
    <property name="localRepository" value="C:\Users\Adrian\.m2\repository"/>
    <property name="java.vendor.url.bug" value="https://github.com/AdoptOpenJDK/openjdk-support/issues"/>
    <property name="java.io.tmpdir" value="C:\Users\Adrian\AppData\Local\Temp\"/>
    <property name="java.version" value="1.8.0_292"/>
    <property name="user.dir" value="C:\Users\Adrian\Documents\workspace\springapp"/>
    <property name="os.arch" value="amd64"/>
    <property name="java.vm.specification.name" value="Java Virtual Machine Specification"/>
    <property name="java.awt.printerjob" value="sun.awt.windows.WPrinterJob"/>
    <property name="sun.os.patch.level" value=""/>
    <property name="java.library.path" value="C:\Program Files\AdoptOpenJDK\jdk-8.0.292.10-hotspot\jre\bin;C:\WINDOWS\Sun\Java\bin;C:\WINDOWS\system32;C:\WINDOWS;C:\Program Files\AdoptOpenJDK\jdk-8.0.292.10-hotspot\bin;C:\Program Files (x86)\Microsoft Visual Studio\Shared\Python37_64\Scripts\;C:\Program Files (x86)\Microsoft Visual Studio\Shared\Python37_64\;C:\Program Files (x86)\Common Files\Intel\Shared Libraries\redist\intel64_win\compiler;C:\Program Files\Java\jdk1.8.0_202\bin;C:\Windows\system32;C:\Windows;C:\Windows\System32\Wbem;C:\Windows\System32\WindowsPowerShell\v1.0\;C:\Windows\System32\OpenSSH\;C:\Program Files (x86)\NVIDIA Corporation\PhysX\Common;C:\Program Files\NVIDIA Corporation\NVIDIA NvDLISR;C:\Python27;C:\Python27\Scripts;C:\Program Files\dotnet\;C:\Program Files\Microsoft SQL Server\130\Tools\Binn\;C:\Program Files\Microsoft SQL Server\Client SDK\ODBC\170\Tools\Binn\;C:\Program Files (x86)\Microsoft Visual Studio\2019\Community\Common7\IDE\Extensions\Microsoft\Python\Miniconda\Miniconda3-x64;C:\WINDOWS\system32;C:\WINDOWS;C:\WINDOWS\System32\Wbem;C:\WINDOWS\System32\WindowsPowerShell\v1.0\;C:\WINDOWS\System32\OpenSSH\;C:\Program Files\Microsoft SQL Server\120\Tools\Binn\;C:\Program Files\PuTTY\;C:\Program Files (x86)\sox-14-4-2\;C:\Program Files (x86)\Gpg4win\..\GnuPG\bin;C:\Program Files\Git\cmd;C:\Program Files (x86)\QuickTime\QTSystem\;C:\WINDOWS\system32;C:\WINDOWS;C:\WINDOWS\System32\Wbem;C:\WINDOWS\System32\WindowsPowerShell\v1.0\;C:\WINDOWS\System32\OpenSSH\;C:\Program Files\nodejs\;C:\Program Files\CMake\bin;C:\Python37\Scripts\;C:\Python37\;C:\Users\Adrian\AppData\Local\Microsoft\WindowsApps;C:\Users\Adrian\AppData\Roaming\Dashlane\6.1903.0.16930\bin\Firefox_Extension\{442718d9-475e-452a-b3e1-fb1ee16b8e9f}\components;C:\Users\Adrian\AppData\Roaming\Dashlane\6.1903.0.16930\ucrt;C:\Users\Adrian\AppData\Roaming\Dashlane\6.1903.0.16930\bin\Qt;C:\Users\Adrian\AppData\Roaming\Dashlane\6.1903.0.16930\bin\Ssl;C:\Users\Adrian\AppData\Local\GitHubDesktop\bin;C:\Users\Adrian\AppData\Local\Programs\Microsoft VS Code\bin;C:\Users\Adrian\.dotnet\tools;C:\Users\Adrian\AppData\Local\Microsoft\WindowsApps;C:\Users\Adrian\AppData\Roaming\npm;C:\Users\Adrian\.dotnet\tools;."/>
    <property name="java.vm.info" value="mixed mode"/>
    <property name="java.vendor" value="AdoptOpenJDK"/>
    <property name="java.vm.version" value="25.292-b10"/>
    <property name="java.ext.dirs" value="C:\Program Files\AdoptOpenJDK\jdk-8.0.292.10-hotspot\jre\lib\ext;C:\WINDOWS\Sun\Java\lib\ext"/>
    <property name="sun.io.unicode.encoding" value="UnicodeLittle"/>
    <property name="java.class.version" value="52.0"/>
  </properties>
  <testcase name="testGetProducts" classname="com.uabc.springapp.service.SimpleProductManagerTests" time="0.004"/>
  <testcase name="testGetProductsWithNoProducts" classname="com.uabc.springapp.service.SimpleProductManagerTests" time="0"/>
</testsuite>